\BOOKMARK [1][-]{section.1}{Opis problemu}{}% 1
\BOOKMARK [1][-]{section.2}{Parametry modelu}{}% 2
\BOOKMARK [2][-]{subsection.2.1}{Funkcja celu}{section.2}% 3
\BOOKMARK [2][-]{subsection.2.2}{Uproszczenia i uog\363lnienia}{section.2}% 4
\BOOKMARK [2][-]{subsection.2.3}{Parametry i zaleznosci}{section.2}% 5
\BOOKMARK [2][-]{subsection.2.4}{Postac rozwiazania}{section.2}% 6
\BOOKMARK [2][-]{subsection.2.5}{Ograniczenia}{section.2}% 7
\BOOKMARK [1][-]{section.3}{Algorytm Tabu Search}{}% 8
\BOOKMARK [2][-]{subsection.3.1}{Schemat dzia\233ania}{section.3}% 9
\BOOKMARK [2][-]{subsection.3.2}{Lista Tabu}{section.3}% 10
\BOOKMARK [2][-]{subsection.3.3}{Kryterium aspiracji}{section.3}% 11
\BOOKMARK [2][-]{subsection.3.4}{Warunku stopu}{section.3}% 12
\BOOKMARK [1][-]{section.4}{Implementacja algorytmu}{}% 13
\BOOKMARK [2][-]{subsection.4.1}{Postac danych}{section.4}% 14
\BOOKMARK [2][-]{subsection.4.2}{Struktury danych}{section.4}% 15
\BOOKMARK [3][-]{subsubsection.4.2.1}{Klasa graph}{subsection.4.2}% 16
\BOOKMARK [3][-]{subsubsection.4.2.2}{Klasa trasa}{subsection.4.2}% 17
\BOOKMARK [2][-]{subsection.4.3}{Interface uzytkownika}{section.4}% 18
\BOOKMARK [3][-]{subsubsection.4.3.1}{Generowanie grafu}{subsection.4.3}% 19
\BOOKMARK [3][-]{subsubsection.4.3.2}{Wizualizacja grafu}{subsection.4.3}% 20
\BOOKMARK [3][-]{subsubsection.4.3.3}{Szukanie trasy}{subsection.4.3}% 21
\BOOKMARK [3][-]{subsubsection.4.3.4}{Wizualizacja trasy}{subsection.4.3}% 22
\BOOKMARK [3][-]{subsubsection.4.3.5}{Dane dodatkowe dotyczace algorytmu}{subsection.4.3}% 23
\BOOKMARK [1][-]{section.5}{Testowanie algorytmu}{}% 24
\BOOKMARK [2][-]{subsection.5.1}{Test 1 \205 Badanie znajdywania rozwiazania algorytmu dla ma\233ych problem\363w obliczeniowych}{section.5}% 25
\BOOKMARK [3][-]{subsubsection.5.1.1}{Wersja 1}{subsection.5.1}% 26
\BOOKMARK [3][-]{subsubsection.5.1.2}{Wersja 2}{subsection.5.1}% 27
\BOOKMARK [3][-]{subsubsection.5.1.3}{Wersja 3}{subsection.5.1}% 28
\BOOKMARK [2][-]{subsection.5.2}{Test 2 \205 badanie dzia\233ania algorytmu dla nieistniejacego rozwiazania optymalnego}{section.5}% 29
\BOOKMARK [2][-]{subsection.5.3}{Test 3 \205 badanie dzia\233ania algorytmu dla duzej instancji problemu}{section.5}% 30
\BOOKMARK [1][-]{section.6}{Analiza efektywnosci}{}% 31
\BOOKMARK [1][-]{section.7}{Podsumowanie}{}% 32
